
Showing logs for build [32mcb-kubecd-environment-pr-96-57-g56ls-1[0m stage [32mfrom-build-pack[0m and container [32mstep-credential-initializer-md9v4[0m
{"level":"warn","ts":1575420106.9061089,"logger":"fallback-logger","caller":"logging/config.go:69","msg":"Fetch GitHub commit ID from kodata failed: \"ref: refs/heads/master\" is not a valid GitHub commit ID"}
{"level":"info","ts":1575420106.9064183,"logger":"fallback-logger","caller":"creds-init/main.go:40","msg":"Credentials initialized."}

Showing logs for build [32mcb-kubecd-environment-pr-96-57-g56ls-1[0m stage [32mfrom-build-pack[0m and container [32mstep-working-dir-initializer-qh4hv[0m
{"level":"warn","ts":1575420108.180511,"logger":"fallback-logger","caller":"logging/config.go:69","msg":"Fetch GitHub commit ID from kodata failed: open /var/run/ko/HEAD: no such file or directory"}
{"level":"info","ts":1575420108.181384,"logger":"fallback-logger","caller":"bash/main.go:65","msg":"Successfully executed command \"mkdir -p /workspace/source\""}

Showing logs for build [32mcb-kubecd-environment-pr-96-57-g56ls-1[0m stage [32mfrom-build-pack[0m and container [32mstep-place-tools[0m

Showing logs for build [32mcb-kubecd-environment-pr-96-57-g56ls-1[0m stage [32mfrom-build-pack[0m and container [32mstep-git-source-cb-kubecd-environment-pr-96-57-xlpk2[0m
{"level":"warn","ts":1575420127.1904368,"logger":"fallback-logger","caller":"logging/config.go:69","msg":"Fetch GitHub commit ID from kodata failed: \"ref: refs/heads/master\" is not a valid GitHub commit ID"}
{"level":"info","ts":1575420127.360854,"logger":"fallback-logger","caller":"git/git.go:102","msg":"Successfully cloned https://github.com/cb-kubecd/environment-pr-96-57-boot-eks-production.git @ master in path /workspace/source"}

Showing logs for build [32mcb-kubecd-environment-pr-96-57-g56ls-1[0m stage [32mfrom-build-pack[0m and container [32mstep-git-merge[0m
Using SHAs from PULL_REFS=master:e9887c07980df4bc121e27bfc0822be916ea7988,1:bd5a3dc3e2529916470e56f323390b92dd58d253
DEBUG: ran git fetch --unshallow origin bd5a3dc3e2529916470e56f323390b92dd58d253: e9887c07980df4bc121e27bfc0822be916ea7988: in 
DEBUG: ran git checkout master in 
DEBUG: ran git reset --hard e9887c07980df4bc121e27bfc0822be916ea7988 in 
DEBUG: ran clean --force -d . in 
DEBUG: ran git merge bd5a3dc3e2529916470e56f323390b92dd58d253 in 
Merged SHA bd5a3dc3e2529916470e56f323390b92dd58d253 with commit message 'chore: Promote bdd-spring-1575419594 to version 0.0.1' into base branch master

Showing logs for build [32mcb-kubecd-environment-pr-96-57-g56ls-1[0m stage [32mfrom-build-pack[0m and container [32mstep-build-helm-build[0m
WARNING: No $CHART_REPOSITORY defined so using the default value of: http://jenkins-x-chartmuseum:8080
Adding missing Helm repo: storage.googleapis.com https://storage.googleapis.com/chartmuseum.jenkins-x.io
Read credentials for https://storage.googleapis.com/chartmuseum.jenkins-x.io from vault helm/repos
Successfully added Helm repository storage.googleapis.com.
Adding missing Helm repo: jenkins-x-chartmuseum http://jenkins-x-chartmuseum:8080
Read credentials for http://jenkins-x-chartmuseum:8080 from vault helm/repos
Successfully added Helm repository jenkins-x-chartmuseum.
WARNING: No $CHART_REPOSITORY defined so using the default value of: http://jenkins-x-chartmuseum:8080
Adding missing Helm repo: chartmuseum.jenkins-x.io http://chartmuseum.jenkins-x.io
Read credentials for http://chartmuseum.jenkins-x.io from vault helm/repos
Successfully added Helm repository chartmuseum.jenkins-x.io.
