
Showing logs for build [32mcb-kubecd-environment-pr-96-57-46kzv-2[0m stage [32mfrom-build-pack[0m and container [32mstep-credential-initializer-pj4nz[0m
{"level":"warn","ts":1575420179.150828,"logger":"fallback-logger","caller":"logging/config.go:69","msg":"Fetch GitHub commit ID from kodata failed: \"ref: refs/heads/master\" is not a valid GitHub commit ID"}
{"level":"info","ts":1575420179.151152,"logger":"fallback-logger","caller":"creds-init/main.go:40","msg":"Credentials initialized."}

Showing logs for build [32mcb-kubecd-environment-pr-96-57-46kzv-2[0m stage [32mfrom-build-pack[0m and container [32mstep-working-dir-initializer-78rxq[0m
{"level":"warn","ts":1575420180.150678,"logger":"fallback-logger","caller":"logging/config.go:69","msg":"Fetch GitHub commit ID from kodata failed: open /var/run/ko/HEAD: no such file or directory"}
{"level":"info","ts":1575420180.1514628,"logger":"fallback-logger","caller":"bash/main.go:65","msg":"Successfully executed command \"mkdir -p /workspace/source\""}

Showing logs for build [32mcb-kubecd-environment-pr-96-57-46kzv-2[0m stage [32mfrom-build-pack[0m and container [32mstep-place-tools[0m

Showing logs for build [32mcb-kubecd-environment-pr-96-57-46kzv-2[0m stage [32mfrom-build-pack[0m and container [32mstep-git-source-cb-kubecd-environment-pr-96-57-bttgj[0m
{"level":"warn","ts":1575420186.1959586,"logger":"fallback-logger","caller":"logging/config.go:69","msg":"Fetch GitHub commit ID from kodata failed: \"ref: refs/heads/master\" is not a valid GitHub commit ID"}
{"level":"info","ts":1575420186.3483503,"logger":"fallback-logger","caller":"git/git.go:102","msg":"Successfully cloned https://github.com/cb-kubecd/environment-pr-96-57-boot-eks-production.git @ master in path /workspace/source"}

Showing logs for build [32mcb-kubecd-environment-pr-96-57-46kzv-2[0m stage [32mfrom-build-pack[0m and container [32mstep-git-merge[0m
Using SHAs from PULL_REFS=master:b880ee09b5ee719f8480c5d09f06e2f9f24aa5ba,1:bd5a3dc3e2529916470e56f323390b92dd58d253
DEBUG: ran git fetch --unshallow origin bd5a3dc3e2529916470e56f323390b92dd58d253: b880ee09b5ee719f8480c5d09f06e2f9f24aa5ba: in 
DEBUG: ran git checkout master in 
DEBUG: ran git reset --hard b880ee09b5ee719f8480c5d09f06e2f9f24aa5ba in 
DEBUG: ran clean --force -d . in 
DEBUG: ran git merge bd5a3dc3e2529916470e56f323390b92dd58d253 in 

Showing logs for build [32mcb-kubecd-environment-pr-96-57-46kzv-2[0m stage [32mfrom-build-pack[0m and container [32mstep-build-helm-build[0m
WARNING: No $CHART_REPOSITORY defined so using the default value of: http://jenkins-x-chartmuseum:8080
Adding missing Helm repo: storage.googleapis.com https://storage.googleapis.com/chartmuseum.jenkins-x.io
Read credentials for https://storage.googleapis.com/chartmuseum.jenkins-x.io from vault helm/repos
Successfully added Helm repository storage.googleapis.com.
Adding missing Helm repo: jenkins-x-chartmuseum http://jenkins-x-chartmuseum:8080
Read credentials for http://jenkins-x-chartmuseum:8080 from vault helm/repos
Successfully added Helm repository jenkins-x-chartmuseum.
WARNING: No $CHART_REPOSITORY defined so using the default value of: http://jenkins-x-chartmuseum:8080
Adding missing Helm repo: chartmuseum.jenkins-x.io http://chartmuseum.jenkins-x.io
Read credentials for http://chartmuseum.jenkins-x.io from vault helm/repos
Successfully added Helm repository chartmuseum.jenkins-x.io.
